<?xml version="1.0" encoding="UTF-8"?>
<testsuite xmlns:xsi="http://www.w3.org/2001/XMLSchema-instance" xsi:noNamespaceSchemaLocation="https://maven.apache.org/surefire/maven-surefire-plugin/xsd/surefire-test-report.xsd" name="DeginxApiJava.TestMainVerticle" time="0.814" tests="1" errors="0" skipped="0" failures="0">
  <properties>
    <property name="sun.desktop" value="windows"/>
    <property name="awt.toolkit" value="sun.awt.windows.WToolkit"/>
    <property name="java.specification.version" value="11"/>
    <property name="sun.cpu.isalist" value="amd64"/>
    <property name="sun.jnu.encoding" value="GBK"/>
    <property name="java.class.path" value="D:\Github\DeginxApiJava\target\test-classes;D:\Github\DeginxApiJava\target\classes;C:\Users\Jonya\.m2\repository\io\vertx\vertx-web-validation\4.3.1\vertx-web-validation-4.3.1.jar;C:\Users\Jonya\.m2\repository\io\vertx\vertx-core\4.3.1\vertx-core-4.3.1.jar;C:\Users\Jonya\.m2\repository\io\netty\netty-common\4.1.77.Final\netty-common-4.1.77.Final.jar;C:\Users\Jonya\.m2\repository\io\netty\netty-buffer\4.1.77.Final\netty-buffer-4.1.77.Final.jar;C:\Users\Jonya\.m2\repository\io\netty\netty-transport\4.1.77.Final\netty-transport-4.1.77.Final.jar;C:\Users\Jonya\.m2\repository\io\netty\netty-handler\4.1.77.Final\netty-handler-4.1.77.Final.jar;C:\Users\Jonya\.m2\repository\io\netty\netty-codec\4.1.77.Final\netty-codec-4.1.77.Final.jar;C:\Users\Jonya\.m2\repository\io\netty\netty-handler-proxy\4.1.77.Final\netty-handler-proxy-4.1.77.Final.jar;C:\Users\Jonya\.m2\repository\io\netty\netty-codec-socks\4.1.77.Final\netty-codec-socks-4.1.77.Final.jar;C:\Users\Jonya\.m2\repository\io\netty\netty-codec-http\4.1.77.Final\netty-codec-http-4.1.77.Final.jar;C:\Users\Jonya\.m2\repository\io\netty\netty-codec-http2\4.1.77.Final\netty-codec-http2-4.1.77.Final.jar;C:\Users\Jonya\.m2\repository\io\netty\netty-resolver\4.1.77.Final\netty-resolver-4.1.77.Final.jar;C:\Users\Jonya\.m2\repository\io\netty\netty-resolver-dns\4.1.77.Final\netty-resolver-dns-4.1.77.Final.jar;C:\Users\Jonya\.m2\repository\io\netty\netty-codec-dns\4.1.77.Final\netty-codec-dns-4.1.77.Final.jar;C:\Users\Jonya\.m2\repository\com\fasterxml\jackson\core\jackson-core\2.13.2\jackson-core-2.13.2.jar;C:\Users\Jonya\.m2\repository\io\vertx\vertx-web-client\4.3.1\vertx-web-client-4.3.1.jar;C:\Users\Jonya\.m2\repository\io\vertx\vertx-web-common\4.3.1\vertx-web-common-4.3.1.jar;C:\Users\Jonya\.m2\repository\io\vertx\vertx-auth-common\4.3.1\vertx-auth-common-4.3.1.jar;C:\Users\Jonya\.m2\repository\io\vertx\vertx-auth-jwt\4.3.1\vertx-auth-jwt-4.3.1.jar;C:\Users\Jonya\.m2\repository\io\vertx\vertx-web\4.3.1\vertx-web-4.3.1.jar;C:\Users\Jonya\.m2\repository\io\vertx\vertx-bridge-common\4.3.1\vertx-bridge-common-4.3.1.jar;C:\Users\Jonya\.m2\repository\io\vertx\vertx-web-openapi\4.3.1\vertx-web-openapi-4.3.1.jar;C:\Users\Jonya\.m2\repository\com\fasterxml\jackson\core\jackson-databind\2.13.2.1\jackson-databind-2.13.2.1.jar;C:\Users\Jonya\.m2\repository\com\fasterxml\jackson\core\jackson-annotations\2.13.2\jackson-annotations-2.13.2.jar;C:\Users\Jonya\.m2\repository\com\fasterxml\jackson\dataformat\jackson-dataformat-yaml\2.13.2\jackson-dataformat-yaml-2.13.2.jar;C:\Users\Jonya\.m2\repository\org\yaml\snakeyaml\1.30\snakeyaml-1.30.jar;C:\Users\Jonya\.m2\repository\io\vertx\vertx-auth-mongo\4.3.1\vertx-auth-mongo-4.3.1.jar;C:\Users\Jonya\.m2\repository\io\vertx\vertx-json-schema\4.3.1\vertx-json-schema-4.3.1.jar;C:\Users\Jonya\.m2\repository\io\vertx\vertx-web-api-contract\4.3.1\vertx-web-api-contract-4.3.1.jar;C:\Users\Jonya\.m2\repository\com\networknt\json-schema-validator\1.0.43\json-schema-validator-1.0.43.jar;C:\Users\Jonya\.m2\repository\org\slf4j\slf4j-api\1.7.25\slf4j-api-1.7.25.jar;C:\Users\Jonya\.m2\repository\org\apache\commons\commons-lang3\3.5\commons-lang3-3.5.jar;C:\Users\Jonya\.m2\repository\org\jruby\joni\joni\2.1.31\joni-2.1.31.jar;C:\Users\Jonya\.m2\repository\org\jruby\jcodings\jcodings\1.0.46\jcodings-1.0.46.jar;C:\Users\Jonya\.m2\repository\io\swagger\parser\v3\swagger-parser-v3\2.0.21\swagger-parser-v3-2.0.21.jar;C:\Users\Jonya\.m2\repository\io\swagger\core\v3\swagger-models\2.1.4\swagger-models-2.1.4.jar;C:\Users\Jonya\.m2\repository\io\swagger\core\v3\swagger-core\2.1.4\swagger-core-2.1.4.jar;C:\Users\Jonya\.m2\repository\jakarta\xml\bind\jakarta.xml.bind-api\2.3.2\jakarta.xml.bind-api-2.3.2.jar;C:\Users\Jonya\.m2\repository\jakarta\activation\jakarta.activation-api\1.2.1\jakarta.activation-api-1.2.1.jar;C:\Users\Jonya\.m2\repository\com\fasterxml\jackson\datatype\jackson-datatype-jsr310\2.13.2\jackson-datatype-jsr310-2.13.2.jar;C:\Users\Jonya\.m2\repository\io\swagger\core\v3\swagger-annotations\2.1.4\swagger-annotations-2.1.4.jar;C:\Users\Jonya\.m2\repository\jakarta\validation\jakarta.validation-api\2.0.2\jakarta.validation-api-2.0.2.jar;C:\Users\Jonya\.m2\repository\io\swagger\parser\v3\swagger-parser-core\2.0.21\swagger-parser-core-2.0.21.jar;C:\Users\Jonya\.m2\repository\commons-io\commons-io\2.6\commons-io-2.6.jar;C:\Users\Jonya\.m2\repository\io\vertx\vertx-uri-template\4.3.1\vertx-uri-template-4.3.1.jar;C:\Users\Jonya\.m2\repository\io\vertx\vertx-auth-oauth2\4.3.1\vertx-auth-oauth2-4.3.1.jar;C:\Users\Jonya\.m2\repository\io\vertx\vertx-redis-client\4.3.1\vertx-redis-client-4.3.1.jar;C:\Users\Jonya\.m2\repository\io\vertx\vertx-web-graphql\4.3.1\vertx-web-graphql-4.3.1.jar;C:\Users\Jonya\.m2\repository\com\graphql-java\graphql-java\18.1\graphql-java-18.1.jar;C:\Users\Jonya\.m2\repository\com\graphql-java\java-dataloader\3.1.2\java-dataloader-3.1.2.jar;C:\Users\Jonya\.m2\repository\org\antlr\antlr4-runtime\4.9.3\antlr4-runtime-4.9.3.jar;C:\Users\Jonya\.m2\repository\org\reactivestreams\reactive-streams\1.0.3\reactive-streams-1.0.3.jar;C:\Users\Jonya\.m2\repository\io\vertx\vertx-web-sstore-cookie\4.3.1\vertx-web-sstore-cookie-4.3.1.jar;C:\Users\Jonya\.m2\repository\io\vertx\vertx-web-sstore-infinispan\4.3.1\vertx-web-sstore-infinispan-4.3.1.jar;C:\Users\Jonya\.m2\repository\org\infinispan\infinispan-client-hotrod\13.0.8.Final\infinispan-client-hotrod-13.0.8.Final.jar;C:\Users\Jonya\.m2\repository\org\infinispan\infinispan-commons\13.0.8.Final\infinispan-commons-13.0.8.Final.jar;C:\Users\Jonya\.m2\repository\org\infinispan\protostream\protostream\4.4.1.Final\protostream-4.4.1.Final.jar;C:\Users\Jonya\.m2\repository\org\infinispan\protostream\protostream-types\4.4.1.Final\protostream-types-4.4.1.Final.jar;C:\Users\Jonya\.m2\repository\org\jboss\logging\jboss-logging\3.4.1.Final\jboss-logging-3.4.1.Final.jar;C:\Users\Jonya\.m2\repository\org\wildfly\security\wildfly-elytron-sasl-digest\1.17.2.Final\wildfly-elytron-sasl-digest-1.17.2.Final.jar;C:\Users\Jonya\.m2\repository\org\wildfly\security\wildfly-elytron-auth-server\1.17.2.Final\wildfly-elytron-auth-server-1.17.2.Final.jar;C:\Users\Jonya\.m2\repository\org\wildfly\security\wildfly-elytron-auth\1.17.2.Final\wildfly-elytron-auth-1.17.2.Final.jar;C:\Users\Jonya\.m2\repository\org\wildfly\security\wildfly-elytron-base\1.17.2.Final\wildfly-elytron-base-1.17.2.Final.jar;C:\Users\Jonya\.m2\repository\org\wildfly\security\wildfly-elytron-permission\1.17.2.Final\wildfly-elytron-permission-1.17.2.Final.jar;C:\Users\Jonya\.m2\repository\org\wildfly\security\wildfly-elytron-x500\1.17.2.Final\wildfly-elytron-x500-1.17.2.Final.jar;C:\Users\Jonya\.m2\repository\org\wildfly\security\wildfly-elytron-credential\1.17.2.Final\wildfly-elytron-credential-1.17.2.Final.jar;C:\Users\Jonya\.m2\repository\org\wildfly\security\wildfly-elytron-keystore\1.17.2.Final\wildfly-elytron-keystore-1.17.2.Final.jar;C:\Users\Jonya\.m2\repository\org\wildfly\security\wildfly-elytron-x500-cert\1.17.2.Final\wildfly-elytron-x500-cert-1.17.2.Final.jar;C:\Users\Jonya\.m2\repository\org\wildfly\security\wildfly-elytron-x500-cert-util\1.17.2.Final\wildfly-elytron-x500-cert-util-1.17.2.Final.jar;C:\Users\Jonya\.m2\repository\org\apache\sshd\sshd-common\2.3.0\sshd-common-2.3.0.jar;C:\Users\Jonya\.m2\repository\org\wildfly\security\wildfly-elytron-provider-util\1.17.2.Final\wildfly-elytron-provider-util-1.17.2.Final.jar;C:\Users\Jonya\.m2\repository\org\wildfly\security\wildfly-elytron-mechanism\1.17.2.Final\wildfly-elytron-mechanism-1.17.2.Final.jar;C:\Users\Jonya\.m2\repository\org\wildfly\security\wildfly-elytron-http\1.17.2.Final\wildfly-elytron-http-1.17.2.Final.jar;C:\Users\Jonya\.m2\repository\org\wildfly\security\wildfly-elytron-mechanism-digest\1.17.2.Final\wildfly-elytron-mechanism-digest-1.17.2.Final.jar;C:\Users\Jonya\.m2\repository\org\wildfly\security\wildfly-elytron-sasl\1.17.2.Final\wildfly-elytron-sasl-1.17.2.Final.jar;C:\Users\Jonya\.m2\repository\org\wildfly\security\wildfly-elytron-ssl\1.17.2.Final\wildfly-elytron-ssl-1.17.2.Final.jar;C:\Users\Jonya\.m2\repository\org\wildfly\security\wildfly-elytron-util\1.17.2.Final\wildfly-elytron-util-1.17.2.Final.jar;C:\Users\Jonya\.m2\repository\org\wildfly\security\wildfly-elytron-sasl-external\1.17.2.Final\wildfly-elytron-sasl-external-1.17.2.Final.jar;C:\Users\Jonya\.m2\repository\org\wildfly\security\wildfly-elytron-sasl-gs2\1.17.2.Final\wildfly-elytron-sasl-gs2-1.17.2.Final.jar;C:\Users\Jonya\.m2\repository\org\wildfly\security\wildfly-elytron-asn1\1.17.2.Final\wildfly-elytron-asn1-1.17.2.Final.jar;C:\Users\Jonya\.m2\repository\org\wildfly\security\wildfly-elytron-mechanism-gssapi\1.17.2.Final\wildfly-elytron-mechanism-gssapi-1.17.2.Final.jar;C:\Users\Jonya\.m2\repository\org\wildfly\security\wildfly-elytron-security-manager-action\1.17.2.Final\wildfly-elytron-security-manager-action-1.17.2.Final.jar;C:\Users\Jonya\.m2\repository\org\wildfly\security\wildfly-elytron-sasl-gssapi\1.17.2.Final\wildfly-elytron-sasl-gssapi-1.17.2.Final.jar;C:\Users\Jonya\.m2\repository\org\wildfly\security\wildfly-elytron-sasl-oauth2\1.17.2.Final\wildfly-elytron-sasl-oauth2-1.17.2.Final.jar;C:\Users\Jonya\.m2\repository\org\wildfly\security\wildfly-elytron-mechanism-oauth2\1.17.2.Final\wildfly-elytron-mechanism-oauth2-1.17.2.Final.jar;C:\Users\Jonya\.m2\repository\org\wildfly\security\wildfly-elytron-sasl-plain\1.17.2.Final\wildfly-elytron-sasl-plain-1.17.2.Final.jar;C:\Users\Jonya\.m2\repository\org\wildfly\security\wildfly-elytron-sasl-scram\1.17.2.Final\wildfly-elytron-sasl-scram-1.17.2.Final.jar;C:\Users\Jonya\.m2\repository\org\wildfly\security\wildfly-elytron-mechanism-scram\1.17.2.Final\wildfly-elytron-mechanism-scram-1.17.2.Final.jar;C:\Users\Jonya\.m2\repository\org\wildfly\security\wildfly-elytron-password-impl\1.17.2.Final\wildfly-elytron-password-impl-1.17.2.Final.jar;C:\Users\Jonya\.m2\repository\io\netty\netty-transport-native-epoll\4.1.77.Final\netty-transport-native-epoll-4.1.77.Final-linux-x86_64.jar;C:\Users\Jonya\.m2\repository\io\netty\netty-transport-native-unix-common\4.1.77.Final\netty-transport-native-unix-common-4.1.77.Final.jar;C:\Users\Jonya\.m2\repository\io\netty\netty-transport-classes-epoll\4.1.77.Final\netty-transport-classes-epoll-4.1.77.Final.jar;C:\Users\Jonya\.m2\repository\jakarta\transaction\jakarta.transaction-api\1.3.3\jakarta.transaction-api-1.3.3.jar;C:\Users\Jonya\.m2\repository\org\wildfly\common\wildfly-common\1.5.1.Final\wildfly-common-1.5.1.Final.jar;C:\Users\Jonya\.m2\repository\com\github\ben-manes\caffeine\caffeine\2.8.0\caffeine-2.8.0.jar;C:\Users\Jonya\.m2\repository\io\reactivex\rxjava3\rxjava\3.0.13\rxjava-3.0.13.jar;C:\Users\Jonya\.m2\repository\io\vertx\vertx-mail-client\4.3.1\vertx-mail-client-4.3.1.jar;C:\Users\Jonya\.m2\repository\io\vertx\vertx-web-sstore-redis\4.3.1\vertx-web-sstore-redis-4.3.1.jar;C:\Users\Jonya\.m2\repository\io\vertx\vertx-mongo-client\4.3.1\vertx-mongo-client-4.3.1.jar;C:\Users\Jonya\.m2\repository\org\mongodb\mongodb-driver-reactivestreams\4.1.2\mongodb-driver-reactivestreams-4.1.2.jar;C:\Users\Jonya\.m2\repository\org\mongodb\bson\4.1.2\bson-4.1.2.jar;C:\Users\Jonya\.m2\repository\org\mongodb\mongodb-driver-core\4.1.2\mongodb-driver-core-4.1.2.jar;C:\Users\Jonya\.m2\repository\org\apache\commons\commons-collections4\4.2\commons-collections4-4.2.jar;C:\Users\Jonya\.m2\repository\io\vertx\vertx-junit5\4.3.1\vertx-junit5-4.3.1.jar;C:\Users\Jonya\.m2\repository\org\junit\jupiter\junit-jupiter-params\5.8.2\junit-jupiter-params-5.8.2.jar;C:\Users\Jonya\.m2\repository\org\junit\jupiter\junit-jupiter-api\5.7.0\junit-jupiter-api-5.7.0.jar;C:\Users\Jonya\.m2\repository\org\apiguardian\apiguardian-api\1.1.0\apiguardian-api-1.1.0.jar;C:\Users\Jonya\.m2\repository\org\opentest4j\opentest4j\1.2.0\opentest4j-1.2.0.jar;C:\Users\Jonya\.m2\repository\org\junit\platform\junit-platform-commons\1.7.0\junit-platform-commons-1.7.0.jar;C:\Users\Jonya\.m2\repository\org\junit\jupiter\junit-jupiter-engine\5.7.0\junit-jupiter-engine-5.7.0.jar;C:\Users\Jonya\.m2\repository\org\junit\platform\junit-platform-engine\1.7.0\junit-platform-engine-1.7.0.jar;"/>
    <property name="java.vm.vendor" value="Microsoft"/>
    <property name="sun.arch.data.model" value="64"/>
    <property name="user.variant" value=""/>
    <property name="java.vendor.url" value="https://www.microsoft.com"/>
    <property name="user.timezone" value="Asia/Shanghai"/>
    <property name="java.vm.specification.version" value="11"/>
    <property name="os.name" value="Windows 10"/>
    <property name="sun.java.launcher" value="SUN_STANDARD"/>
    <property name="user.country" value="CN"/>
    <property name="sun.boot.library.path" value="c:\Program Files\Microsoft\jdk-11.0.12.7-hotspot\bin"/>
    <property name="sun.java.command" value="C:\Users\Jonya\AppData\Local\Temp\surefire17924450691922906195\surefirebooter2840229665681011722.jar C:\Users\Jonya\AppData\Local\Temp\surefire17924450691922906195 2022-07-05T11-39-03_648-jvmRun1 surefire17477175493590202557tmp surefire_05376380095286932759tmp"/>
    <property name="jdk.debug" value="release"/>
    <property name="surefire.test.class.path" value="D:\Github\DeginxApiJava\target\test-classes;D:\Github\DeginxApiJava\target\classes;C:\Users\Jonya\.m2\repository\io\vertx\vertx-web-validation\4.3.1\vertx-web-validation-4.3.1.jar;C:\Users\Jonya\.m2\repository\io\vertx\vertx-core\4.3.1\vertx-core-4.3.1.jar;C:\Users\Jonya\.m2\repository\io\netty\netty-common\4.1.77.Final\netty-common-4.1.77.Final.jar;C:\Users\Jonya\.m2\repository\io\netty\netty-buffer\4.1.77.Final\netty-buffer-4.1.77.Final.jar;C:\Users\Jonya\.m2\repository\io\netty\netty-transport\4.1.77.Final\netty-transport-4.1.77.Final.jar;C:\Users\Jonya\.m2\repository\io\netty\netty-handler\4.1.77.Final\netty-handler-4.1.77.Final.jar;C:\Users\Jonya\.m2\repository\io\netty\netty-codec\4.1.77.Final\netty-codec-4.1.77.Final.jar;C:\Users\Jonya\.m2\repository\io\netty\netty-handler-proxy\4.1.77.Final\netty-handler-proxy-4.1.77.Final.jar;C:\Users\Jonya\.m2\repository\io\netty\netty-codec-socks\4.1.77.Final\netty-codec-socks-4.1.77.Final.jar;C:\Users\Jonya\.m2\repository\io\netty\netty-codec-http\4.1.77.Final\netty-codec-http-4.1.77.Final.jar;C:\Users\Jonya\.m2\repository\io\netty\netty-codec-http2\4.1.77.Final\netty-codec-http2-4.1.77.Final.jar;C:\Users\Jonya\.m2\repository\io\netty\netty-resolver\4.1.77.Final\netty-resolver-4.1.77.Final.jar;C:\Users\Jonya\.m2\repository\io\netty\netty-resolver-dns\4.1.77.Final\netty-resolver-dns-4.1.77.Final.jar;C:\Users\Jonya\.m2\repository\io\netty\netty-codec-dns\4.1.77.Final\netty-codec-dns-4.1.77.Final.jar;C:\Users\Jonya\.m2\repository\com\fasterxml\jackson\core\jackson-core\2.13.2\jackson-core-2.13.2.jar;C:\Users\Jonya\.m2\repository\io\vertx\vertx-web-client\4.3.1\vertx-web-client-4.3.1.jar;C:\Users\Jonya\.m2\repository\io\vertx\vertx-web-common\4.3.1\vertx-web-common-4.3.1.jar;C:\Users\Jonya\.m2\repository\io\vertx\vertx-auth-common\4.3.1\vertx-auth-common-4.3.1.jar;C:\Users\Jonya\.m2\repository\io\vertx\vertx-auth-jwt\4.3.1\vertx-auth-jwt-4.3.1.jar;C:\Users\Jonya\.m2\repository\io\vertx\vertx-web\4.3.1\vertx-web-4.3.1.jar;C:\Users\Jonya\.m2\repository\io\vertx\vertx-bridge-common\4.3.1\vertx-bridge-common-4.3.1.jar;C:\Users\Jonya\.m2\repository\io\vertx\vertx-web-openapi\4.3.1\vertx-web-openapi-4.3.1.jar;C:\Users\Jonya\.m2\repository\com\fasterxml\jackson\core\jackson-databind\2.13.2.1\jackson-databind-2.13.2.1.jar;C:\Users\Jonya\.m2\repository\com\fasterxml\jackson\core\jackson-annotations\2.13.2\jackson-annotations-2.13.2.jar;C:\Users\Jonya\.m2\repository\com\fasterxml\jackson\dataformat\jackson-dataformat-yaml\2.13.2\jackson-dataformat-yaml-2.13.2.jar;C:\Users\Jonya\.m2\repository\org\yaml\snakeyaml\1.30\snakeyaml-1.30.jar;C:\Users\Jonya\.m2\repository\io\vertx\vertx-auth-mongo\4.3.1\vertx-auth-mongo-4.3.1.jar;C:\Users\Jonya\.m2\repository\io\vertx\vertx-json-schema\4.3.1\vertx-json-schema-4.3.1.jar;C:\Users\Jonya\.m2\repository\io\vertx\vertx-web-api-contract\4.3.1\vertx-web-api-contract-4.3.1.jar;C:\Users\Jonya\.m2\repository\com\networknt\json-schema-validator\1.0.43\json-schema-validator-1.0.43.jar;C:\Users\Jonya\.m2\repository\org\slf4j\slf4j-api\1.7.25\slf4j-api-1.7.25.jar;C:\Users\Jonya\.m2\repository\org\apache\commons\commons-lang3\3.5\commons-lang3-3.5.jar;C:\Users\Jonya\.m2\repository\org\jruby\joni\joni\2.1.31\joni-2.1.31.jar;C:\Users\Jonya\.m2\repository\org\jruby\jcodings\jcodings\1.0.46\jcodings-1.0.46.jar;C:\Users\Jonya\.m2\repository\io\swagger\parser\v3\swagger-parser-v3\2.0.21\swagger-parser-v3-2.0.21.jar;C:\Users\Jonya\.m2\repository\io\swagger\core\v3\swagger-models\2.1.4\swagger-models-2.1.4.jar;C:\Users\Jonya\.m2\repository\io\swagger\core\v3\swagger-core\2.1.4\swagger-core-2.1.4.jar;C:\Users\Jonya\.m2\repository\jakarta\xml\bind\jakarta.xml.bind-api\2.3.2\jakarta.xml.bind-api-2.3.2.jar;C:\Users\Jonya\.m2\repository\jakarta\activation\jakarta.activation-api\1.2.1\jakarta.activation-api-1.2.1.jar;C:\Users\Jonya\.m2\repository\com\fasterxml\jackson\datatype\jackson-datatype-jsr310\2.13.2\jackson-datatype-jsr310-2.13.2.jar;C:\Users\Jonya\.m2\repository\io\swagger\core\v3\swagger-annotations\2.1.4\swagger-annotations-2.1.4.jar;C:\Users\Jonya\.m2\repository\jakarta\validation\jakarta.validation-api\2.0.2\jakarta.validation-api-2.0.2.jar;C:\Users\Jonya\.m2\repository\io\swagger\parser\v3\swagger-parser-core\2.0.21\swagger-parser-core-2.0.21.jar;C:\Users\Jonya\.m2\repository\commons-io\commons-io\2.6\commons-io-2.6.jar;C:\Users\Jonya\.m2\repository\io\vertx\vertx-uri-template\4.3.1\vertx-uri-template-4.3.1.jar;C:\Users\Jonya\.m2\repository\io\vertx\vertx-auth-oauth2\4.3.1\vertx-auth-oauth2-4.3.1.jar;C:\Users\Jonya\.m2\repository\io\vertx\vertx-redis-client\4.3.1\vertx-redis-client-4.3.1.jar;C:\Users\Jonya\.m2\repository\io\vertx\vertx-web-graphql\4.3.1\vertx-web-graphql-4.3.1.jar;C:\Users\Jonya\.m2\repository\com\graphql-java\graphql-java\18.1\graphql-java-18.1.jar;C:\Users\Jonya\.m2\repository\com\graphql-java\java-dataloader\3.1.2\java-dataloader-3.1.2.jar;C:\Users\Jonya\.m2\repository\org\antlr\antlr4-runtime\4.9.3\antlr4-runtime-4.9.3.jar;C:\Users\Jonya\.m2\repository\org\reactivestreams\reactive-streams\1.0.3\reactive-streams-1.0.3.jar;C:\Users\Jonya\.m2\repository\io\vertx\vertx-web-sstore-cookie\4.3.1\vertx-web-sstore-cookie-4.3.1.jar;C:\Users\Jonya\.m2\repository\io\vertx\vertx-web-sstore-infinispan\4.3.1\vertx-web-sstore-infinispan-4.3.1.jar;C:\Users\Jonya\.m2\repository\org\infinispan\infinispan-client-hotrod\13.0.8.Final\infinispan-client-hotrod-13.0.8.Final.jar;C:\Users\Jonya\.m2\repository\org\infinispan\infinispan-commons\13.0.8.Final\infinispan-commons-13.0.8.Final.jar;C:\Users\Jonya\.m2\repository\org\infinispan\protostream\protostream\4.4.1.Final\protostream-4.4.1.Final.jar;C:\Users\Jonya\.m2\repository\org\infinispan\protostream\protostream-types\4.4.1.Final\protostream-types-4.4.1.Final.jar;C:\Users\Jonya\.m2\repository\org\jboss\logging\jboss-logging\3.4.1.Final\jboss-logging-3.4.1.Final.jar;C:\Users\Jonya\.m2\repository\org\wildfly\security\wildfly-elytron-sasl-digest\1.17.2.Final\wildfly-elytron-sasl-digest-1.17.2.Final.jar;C:\Users\Jonya\.m2\repository\org\wildfly\security\wildfly-elytron-auth-server\1.17.2.Final\wildfly-elytron-auth-server-1.17.2.Final.jar;C:\Users\Jonya\.m2\repository\org\wildfly\security\wildfly-elytron-auth\1.17.2.Final\wildfly-elytron-auth-1.17.2.Final.jar;C:\Users\Jonya\.m2\repository\org\wildfly\security\wildfly-elytron-base\1.17.2.Final\wildfly-elytron-base-1.17.2.Final.jar;C:\Users\Jonya\.m2\repository\org\wildfly\security\wildfly-elytron-permission\1.17.2.Final\wildfly-elytron-permission-1.17.2.Final.jar;C:\Users\Jonya\.m2\repository\org\wildfly\security\wildfly-elytron-x500\1.17.2.Final\wildfly-elytron-x500-1.17.2.Final.jar;C:\Users\Jonya\.m2\repository\org\wildfly\security\wildfly-elytron-credential\1.17.2.Final\wildfly-elytron-credential-1.17.2.Final.jar;C:\Users\Jonya\.m2\repository\org\wildfly\security\wildfly-elytron-keystore\1.17.2.Final\wildfly-elytron-keystore-1.17.2.Final.jar;C:\Users\Jonya\.m2\repository\org\wildfly\security\wildfly-elytron-x500-cert\1.17.2.Final\wildfly-elytron-x500-cert-1.17.2.Final.jar;C:\Users\Jonya\.m2\repository\org\wildfly\security\wildfly-elytron-x500-cert-util\1.17.2.Final\wildfly-elytron-x500-cert-util-1.17.2.Final.jar;C:\Users\Jonya\.m2\repository\org\apache\sshd\sshd-common\2.3.0\sshd-common-2.3.0.jar;C:\Users\Jonya\.m2\repository\org\wildfly\security\wildfly-elytron-provider-util\1.17.2.Final\wildfly-elytron-provider-util-1.17.2.Final.jar;C:\Users\Jonya\.m2\repository\org\wildfly\security\wildfly-elytron-mechanism\1.17.2.Final\wildfly-elytron-mechanism-1.17.2.Final.jar;C:\Users\Jonya\.m2\repository\org\wildfly\security\wildfly-elytron-http\1.17.2.Final\wildfly-elytron-http-1.17.2.Final.jar;C:\Users\Jonya\.m2\repository\org\wildfly\security\wildfly-elytron-mechanism-digest\1.17.2.Final\wildfly-elytron-mechanism-digest-1.17.2.Final.jar;C:\Users\Jonya\.m2\repository\org\wildfly\security\wildfly-elytron-sasl\1.17.2.Final\wildfly-elytron-sasl-1.17.2.Final.jar;C:\Users\Jonya\.m2\repository\org\wildfly\security\wildfly-elytron-ssl\1.17.2.Final\wildfly-elytron-ssl-1.17.2.Final.jar;C:\Users\Jonya\.m2\repository\org\wildfly\security\wildfly-elytron-util\1.17.2.Final\wildfly-elytron-util-1.17.2.Final.jar;C:\Users\Jonya\.m2\repository\org\wildfly\security\wildfly-elytron-sasl-external\1.17.2.Final\wildfly-elytron-sasl-external-1.17.2.Final.jar;C:\Users\Jonya\.m2\repository\org\wildfly\security\wildfly-elytron-sasl-gs2\1.17.2.Final\wildfly-elytron-sasl-gs2-1.17.2.Final.jar;C:\Users\Jonya\.m2\repository\org\wildfly\security\wildfly-elytron-asn1\1.17.2.Final\wildfly-elytron-asn1-1.17.2.Final.jar;C:\Users\Jonya\.m2\repository\org\wildfly\security\wildfly-elytron-mechanism-gssapi\1.17.2.Final\wildfly-elytron-mechanism-gssapi-1.17.2.Final.jar;C:\Users\Jonya\.m2\repository\org\wildfly\security\wildfly-elytron-security-manager-action\1.17.2.Final\wildfly-elytron-security-manager-action-1.17.2.Final.jar;C:\Users\Jonya\.m2\repository\org\wildfly\security\wildfly-elytron-sasl-gssapi\1.17.2.Final\wildfly-elytron-sasl-gssapi-1.17.2.Final.jar;C:\Users\Jonya\.m2\repository\org\wildfly\security\wildfly-elytron-sasl-oauth2\1.17.2.Final\wildfly-elytron-sasl-oauth2-1.17.2.Final.jar;C:\Users\Jonya\.m2\repository\org\wildfly\security\wildfly-elytron-mechanism-oauth2\1.17.2.Final\wildfly-elytron-mechanism-oauth2-1.17.2.Final.jar;C:\Users\Jonya\.m2\repository\org\wildfly\security\wildfly-elytron-sasl-plain\1.17.2.Final\wildfly-elytron-sasl-plain-1.17.2.Final.jar;C:\Users\Jonya\.m2\repository\org\wildfly\security\wildfly-elytron-sasl-scram\1.17.2.Final\wildfly-elytron-sasl-scram-1.17.2.Final.jar;C:\Users\Jonya\.m2\repository\org\wildfly\security\wildfly-elytron-mechanism-scram\1.17.2.Final\wildfly-elytron-mechanism-scram-1.17.2.Final.jar;C:\Users\Jonya\.m2\repository\org\wildfly\security\wildfly-elytron-password-impl\1.17.2.Final\wildfly-elytron-password-impl-1.17.2.Final.jar;C:\Users\Jonya\.m2\repository\io\netty\netty-transport-native-epoll\4.1.77.Final\netty-transport-native-epoll-4.1.77.Final-linux-x86_64.jar;C:\Users\Jonya\.m2\repository\io\netty\netty-transport-native-unix-common\4.1.77.Final\netty-transport-native-unix-common-4.1.77.Final.jar;C:\Users\Jonya\.m2\repository\io\netty\netty-transport-classes-epoll\4.1.77.Final\netty-transport-classes-epoll-4.1.77.Final.jar;C:\Users\Jonya\.m2\repository\jakarta\transaction\jakarta.transaction-api\1.3.3\jakarta.transaction-api-1.3.3.jar;C:\Users\Jonya\.m2\repository\org\wildfly\common\wildfly-common\1.5.1.Final\wildfly-common-1.5.1.Final.jar;C:\Users\Jonya\.m2\repository\com\github\ben-manes\caffeine\caffeine\2.8.0\caffeine-2.8.0.jar;C:\Users\Jonya\.m2\repository\io\reactivex\rxjava3\rxjava\3.0.13\rxjava-3.0.13.jar;C:\Users\Jonya\.m2\repository\io\vertx\vertx-mail-client\4.3.1\vertx-mail-client-4.3.1.jar;C:\Users\Jonya\.m2\repository\io\vertx\vertx-web-sstore-redis\4.3.1\vertx-web-sstore-redis-4.3.1.jar;C:\Users\Jonya\.m2\repository\io\vertx\vertx-mongo-client\4.3.1\vertx-mongo-client-4.3.1.jar;C:\Users\Jonya\.m2\repository\org\mongodb\mongodb-driver-reactivestreams\4.1.2\mongodb-driver-reactivestreams-4.1.2.jar;C:\Users\Jonya\.m2\repository\org\mongodb\bson\4.1.2\bson-4.1.2.jar;C:\Users\Jonya\.m2\repository\org\mongodb\mongodb-driver-core\4.1.2\mongodb-driver-core-4.1.2.jar;C:\Users\Jonya\.m2\repository\org\apache\commons\commons-collections4\4.2\commons-collections4-4.2.jar;C:\Users\Jonya\.m2\repository\io\vertx\vertx-junit5\4.3.1\vertx-junit5-4.3.1.jar;C:\Users\Jonya\.m2\repository\org\junit\jupiter\junit-jupiter-params\5.8.2\junit-jupiter-params-5.8.2.jar;C:\Users\Jonya\.m2\repository\org\junit\jupiter\junit-jupiter-api\5.7.0\junit-jupiter-api-5.7.0.jar;C:\Users\Jonya\.m2\repository\org\apiguardian\apiguardian-api\1.1.0\apiguardian-api-1.1.0.jar;C:\Users\Jonya\.m2\repository\org\opentest4j\opentest4j\1.2.0\opentest4j-1.2.0.jar;C:\Users\Jonya\.m2\repository\org\junit\platform\junit-platform-commons\1.7.0\junit-platform-commons-1.7.0.jar;C:\Users\Jonya\.m2\repository\org\junit\jupiter\junit-jupiter-engine\5.7.0\junit-jupiter-engine-5.7.0.jar;C:\Users\Jonya\.m2\repository\org\junit\platform\junit-platform-engine\1.7.0\junit-platform-engine-1.7.0.jar;"/>
    <property name="sun.cpu.endian" value="little"/>
    <property name="user.home" value="C:\Users\Jonya"/>
    <property name="user.language" value="zh"/>
    <property name="java.specification.vendor" value="Oracle Corporation"/>
    <property name="java.version.date" value="2021-07-20"/>
    <property name="java.home" value="c:\Program Files\Microsoft\jdk-11.0.12.7-hotspot"/>
    <property name="file.separator" value="\"/>
    <property name="basedir" value="D:\Github\DeginxApiJava"/>
    <property name="java.vm.compressedOopsMode" value="Zero based"/>
    <property name="line.separator" value="&#10;"/>
    <property name="java.specification.name" value="Java Platform API Specification"/>
    <property name="java.vm.specification.vendor" value="Oracle Corporation"/>
    <property name="java.awt.graphicsenv" value="sun.awt.Win32GraphicsEnvironment"/>
    <property name="surefire.real.class.path" value="C:\Users\Jonya\AppData\Local\Temp\surefire17924450691922906195\surefirebooter2840229665681011722.jar"/>
    <property name="user.script" value=""/>
    <property name="sun.management.compiler" value="HotSpot 64-Bit Tiered Compilers"/>
    <property name="java.runtime.version" value="11.0.12+7"/>
    <property name="user.name" value="Jonya"/>
    <property name="path.separator" value=";"/>
    <property name="os.version" value="10.0"/>
    <property name="java.runtime.name" value="OpenJDK Runtime Environment"/>
    <property name="file.encoding" value="GBK"/>
    <property name="java.vm.name" value="OpenJDK 64-Bit Server VM"/>
    <property name="java.vendor.version" value="Microsoft-25199"/>
    <property name="localRepository" value="C:\Users\Jonya\.m2\repository"/>
    <property name="java.vendor.url.bug" value="https://github.com/microsoft/openjdk/issues"/>
    <property name="java.io.tmpdir" value="C:\Users\Jonya\AppData\Local\Temp\"/>
    <property name="java.version" value="11.0.12"/>
    <property name="user.dir" value="D:\Github\DeginxApiJava"/>
    <property name="os.arch" value="amd64"/>
    <property name="java.vm.specification.name" value="Java Virtual Machine Specification"/>
    <property name="java.awt.printerjob" value="sun.awt.windows.WPrinterJob"/>
    <property name="sun.os.patch.level" value=""/>
    <property name="java.library.path" value="c:\Program Files\Microsoft\jdk-11.0.12.7-hotspot\bin;C:\WINDOWS\Sun\Java\bin;C:\WINDOWS\system32;C:\WINDOWS;C:\Program Files (x86)\Microsoft SDKs\Azure\CLI2\wbin;c:\program files\nvidia gpu computing toolkit\cuda\v11.7\bin;c:\program files\nvidia gpu computing toolkit\cuda\v11.7\libnvvp;c:\program files (x86)\common files\intel\shared libraries\redist\intel64\compiler;c:\program files\microsoft\jdk-11.0.12.7-hotspot\bin;c:\windows\system32;c:\windows;c:\windows\system32\wbem;c:\windows\system32\windowspowershell\v1.0\;c:\windows\system32\openssh\;c:\program files\nvidia corporation\nvidia nvdlisr;c:\program files\microsoft sql server\150\tools\binn\;c:\program files\microsoft sql server\client sdk\odbc\170\tools\binn\;c:\program files\dotnet\;c:\program files\git\cmd;c:\users\jonya\appdata\local\programs\python\python310;c:\users\jonya\appdata\local\programs\python\python310\scripts;c:\program files\matlab\r2022a\runtime\win64;c:\program files\matlab\r2022a\bin;c:\program files\nvidia corporation\nsight compute 2022.2.0\;C:\Program Files (x86)\NVIDIA Corporation\PhysX\Common;C:\WINDOWS\system32;C:\WINDOWS;C:\WINDOWS\System32\Wbem;C:\WINDOWS\System32\WindowsPowerShell\v1.0\;C:\WINDOWS\System32\OpenSSH\;C:\Program Files\Azure Data Studio - Insiders\bin;C:\Program Files\nodejs\;C:\Program Files (x86)\NetSarang\Xshell 7\;C:\Program Files (x86)\NetSarang\Xftp 7\;C:\apache-maven-3.8.6-bin\apache-maven-3.8.6\bin;C:\Users\Jonya\AppData\Local\Programs\Python\Python310\Scripts\;C:\Users\Jonya\AppData\Local\Programs\Python\Python310\;C:\Users\Jonya\AppData\Local\Microsoft\WindowsApps;C:\Users\Jonya\AppData\Local\Programs\Microsoft VS Code\bin;C:\Users\Jonya\.dotnet\tools;C:\Users\Jonya\AppData\Local\Programs\Fiddler;C:\Users\Jonya\AppData\Local\Microsoft\WindowsApps;C:\Program Files\Azure Data Studio - Insiders\bin;C:\Users\Jonya\AppData\Roaming\npm;C:\Users\Jonya\AppData\Local\GitHubDesktop\bin;C:\Program Files\JetBrains\IntelliJ IDEA Community Edition 2022.1.3\bin;;."/>
    <property name="java.vm.info" value="mixed mode"/>
    <property name="java.vendor" value="Microsoft"/>
    <property name="java.vm.version" value="11.0.12+7"/>
    <property name="sun.io.unicode.encoding" value="UnicodeLittle"/>
    <property name="java.class.version" value="55.0"/>
  </properties>
  <testcase name="verticle_deployed{Vertx, VertxTestContext}" classname="DeginxApiJava.TestMainVerticle" time="0.811"/>
</testsuite>